-------------------------------------------------------------------------------
Test set: ru.Inside_test_project.controller.MessageControllerTest
-------------------------------------------------------------------------------
Tests run: 5, Failures: 1, Errors: 0, Skipped: 0, Time elapsed: 0.268 s <<< FAILURE! - in ru.Inside_test_project.controller.MessageControllerTest
reciveHistoryMessage  Time elapsed: 0.141 s  <<< FAILURE!
java.lang.AssertionError: Status expected:<201> but was:<200>
	at ru.Inside_test_project.controller.MessageControllerTest.reciveHistoryMessage(MessageControllerTest.java:53)

